[13:11:26.197][info] [#0:/home/ozu/.emacs.d/.cache/lsp/lua-language-server/main.lua:68]: Lua Lsp startup, root: 	/home/ozu/.emacs.d/.cache/lsp/lua-language-server
[13:11:26.197][info] [#0:/home/ozu/.emacs.d/.cache/lsp/lua-language-server/main.lua:69]: ROOT:	/home/ozu/.emacs.d/.cache/lsp/lua-language-server
[13:11:26.197][info] [#0:/home/ozu/.emacs.d/.cache/lsp/lua-language-server/main.lua:70]: LOGPATH:	/home/ozu/.emacs.d/.cache/lsp/lua-language-server/log
[13:11:26.197][info] [#0:/home/ozu/.emacs.d/.cache/lsp/lua-language-server/main.lua:71]: METAPATH:	/home/ozu/.emacs.d/.cache/lsp/lua-language-server/meta
[13:11:26.198][info] [#0:/home/ozu/.emacs.d/.cache/lsp/lua-language-server/main.lua:72]: VERSION:	3.14.0
[13:11:26.265][info] [#0:script/proto/proto.lua:260]: Listen Mode: stdio
[13:11:26.265][info] [#0:script/service/service.lua:145]: 
========= Medical Examination Report =========
    --------------- Memory ---------------
        Total: 2.261 MB
        # 00 : 2.261 MB
        # 01 : 0.000 MB
        # 02 : 0.000 MB
        # 03 : 0.000 MB
        # 04 : 0.000 MB
    --------------- Coroutine ---------------
        Total:     0
        Running:   0
        Suspended: 0
        Normal:    0
        Dead:      0
    --------------- Cache ---------------
        Total: 1
        Dead:  0
    ---------------  RPC  ---------------
        Holdon:   0
        Waiting:  0
==============================================
[13:11:26.377][info] [#0:script/client.lua:657]: Client init	{
  capabilities = {
    general = {
      positionEncodings = { "utf-32", "utf-16" }
    },
    textDocument = {
      callHierarchy = {
        dynamicRegistration = false
      },
      codeAction = {
        codeActionLiteralSupport = {
          codeActionKind = {
            valueSet = { "", "quickfix", "refactor", "refactor.extract", "refactor.inline", "refactor.rewrite", "source", "source.organizeImports" }
          }
        },
        dataSupport = true,
        dynamicRegistration = true,
        isPreferredSupport = true,
        resolveSupport = {
          properties = { "edit", "command" }
        }
      },
      completion = {
        completionItem = {
          deprecatedSupport = true,
          documentationFormat = { "markdown", "plaintext" },
          insertReplaceSupport = true,
          insertTextModeSupport = {
            valueSet = { 1, 2 }
          },
          labelDetailsSupport = true,
          resolveAdditionalTextEditsSupport = true,
          resolveSupport = {
            properties = { "documentation", "detail", "additionalTextEdits", "command" }
          },
          snippetSupport = true
        },
        contextSupport = true,
        dynamicRegistration = true
      },
      declaration = {
        dynamicRegistration = true,
        linkSupport = true
      },
      definition = {
        dynamicRegistration = true,
        linkSupport = true
      },
      diagnostic = {
        dynamicRegistration = false,
        relatedDocumentSupport = false
      },
      documentLink = {
        dynamicRegistration = true,
        tooltipSupport = true
      },
      documentSymbol = {
        hierarchicalDocumentSymbolSupport = true,
        symbolKind = {
          valueSet = { 1, 2, 3, 4, 5, 6, 7, 8, 9, 10, 11, 12, 13, 14, 15, 16, 17, 18, 19, 20, 21, 22, 23, 24, 25, 26 }
        }
      },
      foldingRange = {
        dynamicRegistration = true
      },
      formatting = {
        dynamicRegistration = true
      },
      hover = {
        contentFormat = { "markdown", "plaintext" },
        dynamicRegistration = true
      },
      implementation = {
        dynamicRegistration = true,
        linkSupport = true
      },
      linkedEditingRange = {
        dynamicRegistration = true
      },
      onTypeFormatting = {
        dynamicRegistration = true
      },
      publishDiagnostics = {
        relatedInformation = true,
        tagSupport = {
          valueSet = { 1, 2 }
        },
        versionSupport = true
      },
      rangeFormatting = {
        dynamicRegistration = true
      },
      references = {
        dynamicRegistration = true
      },
      rename = {
        dynamicRegistration = true,
        prepareSupport = true
      },
      selectionRange = {
        dynamicRegistration = true
      },
      signatureHelp = {
        dynamicRegistration = true,
        signatureInformation = {
          activeParameterSupport = true,
          parameterInformation = {
            labelOffsetSupport = true
          }
        }
      },
      synchronization = {
        didSave = true,
        willSave = true,
        willSaveWaitUntil = true
      },
      typeDefinition = {
        dynamicRegistration = true,
        linkSupport = true
      },
      typeHierarchy = {
        dynamicRegistration = true
      }
    },
    window = {
      showDocument = {
        support = true
      },
      workDoneProgress = true
    },
    workspace = {
      applyEdit = true,
      codeLens = {
        refreshSupport = true
      },
      configuration = true,
      diagnostics = {
        refreshSupport = false
      },
      didChangeWatchedFiles = {
        dynamicRegistration = true
      },
      executeCommand = {
        dynamicRegistration = false
      },
      fileOperations = {
        didCreate = false,
        didDelete = false,
        didRename = true,
        willCreate = false,
        willDelete = false,
        willRename = true
      },
      symbol = {
        symbolKind = {
          valueSet = { 1, 2, 3, 4, 5, 6, 7, 8, 9, 10, 11, 12, 13, 14, 15, 16, 17, 18, 19, 20, 21, 22, 23, 24, 25, 26 }
        }
      },
      workspaceEdit = {
        documentChanges = true,
        resourceOperations = { "create", "rename", "delete" }
      },
      workspaceFolders = true
    }
  },
  clientInfo = {
    name = "emacs",
    version = "GNU Emacs 30.1 (build 2, x86_64-pc-linux-gnu, GTK+ Version 3.24.49, cairo version 1.18.4)"
  },
  processId = 61859,
  rootPath = "/home/ozu/github/mpv-subtitle-downloader-plugin",
  rootUri = "file:///home/ozu/github/mpv-subtitle-downloader-plugin",
  workDoneToken = "1"
}
[13:11:26.378][info] [#0:script/language.lua:137]: VSC language: nil
[13:11:26.378][info] [#0:script/language.lua:138]: LS  language: en-us
[13:11:26.378][info] [#0:script/workspace/workspace.lua:38]: Workspace init root: 	file:///home/ozu/github/mpv-subtitle-downloader-plugin
[13:11:26.378][info] [#0:script/workspace/workspace.lua:42]: Log path: 	/home/ozu/.emacs.d/.cache/lsp/lua-language-server/log/file_home_ozu_github_mpv-subtitle-downloader-plugin.log
[13:11:26.379][info] [#0:script/workspace/workspace.lua:48]: Workspace create: 	file:///home/ozu/github/mpv-subtitle-downloader-plugin
[13:11:26.689][info] [#0:script/provider/provider.lua:49]: Load config from client	file:///home/ozu/github/mpv-subtitle-downloader-plugin
[13:11:26.689][info] [#0:script/provider/provider.lua:50]: {
  Lua = {
    color = {
      mode = "Semantic"
    },
    completion = {
      callSnippet = "Disable",
      displayContext = 6,
      enable = true,
      keywordSnippet = "Replace",
      workspaceWord = true
    },
    develop = {
      debuggerPort = 11412,
      debuggerWait = false,
      enable = false
    },
    diagnostics = {
      enable = true,
      workspaceDelay = 0,
      workspaceRate = 100
    },
    hint = {
      enable = false,
      paramName = true,
      paramType = true
    },
    hover = {
      enable = true,
      fieldInfer = 3000,
      previewFields = 100,
      viewNumber = true,
      viewString = true,
      viewStringMax = 1000
    },
    intelliSense = {
      searchDepth = 0
    },
    runtime = {
      fileEncoding = "utf8",
      path = { "?.lua", "?/init.lua", "?/?.lua" },
      version = "Lua 5.4"
    },
    signatureHelp = {
      enable = true
    },
    telemetry = {
      enable = false
    },
    window = {
      progressBar = true,
      statusBar = true
    },
    workspace = {
      ignoreDir = { ".vscode" },
      ignoreSubmodules = true,
      maxPreload = 1000,
      preloadFileSize = 100,
      useGitIgnore = true
    }
  },
  ["files.associations"] = false,
  ["files.exclude"] = false
}
[13:11:26.791][info] [#0:script/provider/completion.lua:43]: Enable completion.
[13:11:26.791][info] [#0:script/provider/provider.lua:65]: Load config from client	fallback
[13:11:26.792][info] [#0:script/provider/provider.lua:66]: {
  Lua = {
    color = {
      mode = "Semantic"
    },
    completion = {
      callSnippet = "Disable",
      displayContext = 6,
      enable = true,
      keywordSnippet = "Replace",
      workspaceWord = true
    },
    develop = {
      debuggerPort = 11412,
      debuggerWait = false,
      enable = false
    },
    diagnostics = {
      enable = true,
      workspaceDelay = 0,
      workspaceRate = 100
    },
    hint = {
      enable = false,
      paramName = true,
      paramType = true
    },
    hover = {
      enable = true,
      fieldInfer = 3000,
      previewFields = 100,
      viewNumber = true,
      viewString = true,
      viewStringMax = 1000
    },
    intelliSense = {
      searchDepth = 0
    },
    runtime = {
      fileEncoding = "utf8",
      path = { "?.lua", "?/init.lua", "?/?.lua" },
      version = "Lua 5.4"
    },
    signatureHelp = {
      enable = true
    },
    telemetry = {
      enable = false
    },
    window = {
      progressBar = true,
      statusBar = true
    },
    workspace = {
      ignoreDir = { ".vscode" },
      ignoreSubmodules = true,
      maxPreload = 1000,
      preloadFileSize = 100,
      useGitIgnore = true
    }
  },
  ["files.associations"] = false,
  ["files.exclude"] = false
}
[13:11:26.916][info] [#0:script/library.lua:212]: Init builtin library at:	file:///home/ozu/github/mpv-subtitle-downloader-plugin
[13:11:26.938][info] [#0:script/library.lua:212]: Init builtin library at:	nil
[13:11:27.057][info] [#0:script/workspace/workspace.lua:324]: Preload start:	file:///home/ozu/github/mpv-subtitle-downloader-plugin
[13:11:27.062][info] [#0:script/workspace/workspace.lua:330]: Scan files at:	file:///home/ozu/github/mpv-subtitle-downloader-plugin
[13:11:27.067][info] [#0:script/workspace/workspace.lua:324]: Preload start:	<fallback>
[13:11:27.079][info] [#0:script/workspace/workspace.lua:353]: Scan library at:	file:///home/ozu/.emacs.d/.cache/lsp/lua-language-server/meta/Lua%205.4%20en-us%20utf8/builtin.lua
[13:11:27.079][info] [#0:script/workspace/workspace.lua:353]: Scan library at:	file:///home/ozu/.emacs.d/.cache/lsp/lua-language-server/meta/Lua%205.4%20en-us%20utf8/string.lua
[13:11:27.080][info] [#0:script/workspace/workspace.lua:353]: Scan library at:	file:///home/ozu/.emacs.d/.cache/lsp/lua-language-server/meta/Lua%205.4%20en-us%20utf8/debug.lua
[13:11:27.081][info] [#0:script/workspace/workspace.lua:353]: Scan library at:	file:///home/ozu/.emacs.d/.cache/lsp/lua-language-server/meta/Lua%205.4%20en-us%20utf8/package.lua
[13:11:27.081][info] [#0:script/workspace/workspace.lua:353]: Scan library at:	file:///home/ozu/.emacs.d/.cache/lsp/lua-language-server/meta/Lua%205.4%20en-us%20utf8/coroutine.lua
[13:11:27.083][info] [#0:script/workspace/workspace.lua:353]: Scan library at:	file:///home/ozu/.emacs.d/.cache/lsp/lua-language-server/meta/Lua%205.4%20en-us%20utf8/io.lua
[13:11:27.084][info] [#0:script/workspace/workspace.lua:353]: Scan library at:	file:///home/ozu/.emacs.d/.cache/lsp/lua-language-server/meta/Lua%205.4%20en-us%20utf8/table.lua
[13:11:27.085][info] [#0:script/workspace/workspace.lua:353]: Scan library at:	file:///home/ozu/.emacs.d/.cache/lsp/lua-language-server/meta/Lua%205.4%20en-us%20utf8/basic.lua
[13:11:27.085][info] [#0:script/workspace/workspace.lua:353]: Scan library at:	file:///home/ozu/.emacs.d/.cache/lsp/lua-language-server/meta/Lua%205.4%20en-us%20utf8/builtin.lua
[13:11:27.085][info] [#0:script/workspace/workspace.lua:353]: Scan library at:	file:///home/ozu/.emacs.d/.cache/lsp/lua-language-server/meta/Lua%205.4%20en-us%20utf8/math.lua
[13:11:27.085][info] [#0:script/workspace/workspace.lua:353]: Scan library at:	file:///home/ozu/.emacs.d/.cache/lsp/lua-language-server/meta/Lua%205.4%20en-us%20utf8/string.lua
[13:11:27.086][info] [#0:script/workspace/workspace.lua:353]: Scan library at:	file:///home/ozu/.emacs.d/.cache/lsp/lua-language-server/meta/Lua%205.4%20en-us%20utf8/os.lua
[13:11:27.086][info] [#0:script/workspace/workspace.lua:353]: Scan library at:	file:///home/ozu/.emacs.d/.cache/lsp/lua-language-server/meta/Lua%205.4%20en-us%20utf8/debug.lua
[13:11:27.086][info] [#0:script/workspace/workspace.lua:353]: Scan library at:	file:///home/ozu/.emacs.d/.cache/lsp/lua-language-server/meta/Lua%205.4%20en-us%20utf8/utf8.lua
[13:11:27.086][info] [#0:script/workspace/workspace.lua:353]: Scan library at:	file:///home/ozu/.emacs.d/.cache/lsp/lua-language-server/meta/Lua%205.4%20en-us%20utf8/package.lua
[13:11:27.087][info] [#0:script/workspace/workspace.lua:353]: Scan library at:	file:///home/ozu/.emacs.d/.cache/lsp/lua-language-server/meta/Lua%205.4%20en-us%20utf8/coroutine.lua
[13:11:27.087][info] [#0:script/workspace/workspace.lua:353]: Scan library at:	file:///home/ozu/.emacs.d/.cache/lsp/lua-language-server/meta/Lua%205.4%20en-us%20utf8/io.lua
[13:11:27.087][info] [#0:script/workspace/workspace.lua:353]: Scan library at:	file:///home/ozu/.emacs.d/.cache/lsp/lua-language-server/meta/Lua%205.4%20en-us%20utf8/table.lua
[13:11:27.087][info] [#0:script/workspace/workspace.lua:353]: Scan library at:	file:///home/ozu/.emacs.d/.cache/lsp/lua-language-server/meta/Lua%205.4%20en-us%20utf8/basic.lua
[13:11:27.088][info] [#0:script/workspace/workspace.lua:353]: Scan library at:	file:///home/ozu/.emacs.d/.cache/lsp/lua-language-server/meta/Lua%205.4%20en-us%20utf8/math.lua
[13:11:27.089][info] [#0:script/workspace/workspace.lua:353]: Scan library at:	file:///home/ozu/.emacs.d/.cache/lsp/lua-language-server/meta/Lua%205.4%20en-us%20utf8/os.lua
[13:11:27.089][info] [#0:script/workspace/workspace.lua:353]: Scan library at:	file:///home/ozu/.emacs.d/.cache/lsp/lua-language-server/meta/Lua%205.4%20en-us%20utf8/utf8.lua
[13:11:27.190][info] [#0:script/workspace/workspace.lua:379]: Found 11 files at:	<fallback>
[13:11:27.190][info] [#0:script/workspace/loading.lua:160]: Load files from disk:	<fallback>
[13:11:27.190][info] [#0:script/workspace/workspace.lua:379]: Found 13 files at:	file:///home/ozu/github/mpv-subtitle-downloader-plugin
[13:11:27.190][info] [#0:script/workspace/loading.lua:160]: Load files from disk:	file:///home/ozu/github/mpv-subtitle-downloader-plugin
[13:11:27.194][info] [#0:script/workspace/loading.lua:100]: Preload file at: file:///home/ozu/.emacs.d/.cache/lsp/lua-language-server/meta/Lua%205.4%20en-us%20utf8/utf8.lua , size = 2.386 KB
[13:11:27.204][info] [#0:script/workspace/loading.lua:112]: ++++As library of:	file:///home/ozu/.emacs.d/.cache/lsp/lua-language-server/meta/Lua%205.4%20en-us%20utf8/utf8.lua
[13:11:27.204][info] [#0:script/workspace/loading.lua:100]: Preload file at: file:///home/ozu/.emacs.d/.cache/lsp/lua-language-server/meta/Lua%205.4%20en-us%20utf8/os.lua , size = 5.611 KB
[13:11:27.220][info] [#0:script/workspace/loading.lua:112]: ++++As library of:	file:///home/ozu/.emacs.d/.cache/lsp/lua-language-server/meta/Lua%205.4%20en-us%20utf8/os.lua
[13:11:27.220][info] [#0:script/workspace/loading.lua:97]: Skip loaded file: file:///home/ozu/.emacs.d/.cache/lsp/lua-language-server/meta/Lua%205.4%20en-us%20utf8/os.lua
[13:11:27.220][info] [#0:script/workspace/loading.lua:100]: Preload file at: file:///home/ozu/.emacs.d/.cache/lsp/lua-language-server/meta/Lua%205.4%20en-us%20utf8/math.lua , size = 8.542 KB
[13:11:27.246][info] [#0:script/workspace/loading.lua:112]: ++++As library of:	file:///home/ozu/.emacs.d/.cache/lsp/lua-language-server/meta/Lua%205.4%20en-us%20utf8/math.lua
[13:11:27.246][info] [#0:script/workspace/loading.lua:97]: Skip loaded file: file:///home/ozu/.emacs.d/.cache/lsp/lua-language-server/meta/Lua%205.4%20en-us%20utf8/math.lua
[13:11:27.246][info] [#0:script/workspace/loading.lua:100]: Preload file at: file:///home/ozu/.emacs.d/.cache/lsp/lua-language-server/meta/Lua%205.4%20en-us%20utf8/basic.lua , size = 15.841 KB
[13:11:27.276][info] [#0:script/workspace/loading.lua:112]: ++++As library of:	file:///home/ozu/.emacs.d/.cache/lsp/lua-language-server/meta/Lua%205.4%20en-us%20utf8/basic.lua
[13:11:27.276][info] [#0:script/workspace/loading.lua:97]: Skip loaded file: file:///home/ozu/.emacs.d/.cache/lsp/lua-language-server/meta/Lua%205.4%20en-us%20utf8/basic.lua
[13:11:27.276][info] [#0:script/workspace/loading.lua:100]: Preload file at: file:///home/ozu/.emacs.d/.cache/lsp/lua-language-server/meta/Lua%205.4%20en-us%20utf8/table.lua , size = 4.445 KB
[13:11:27.282][info] [#0:script/workspace/loading.lua:112]: ++++As library of:	file:///home/ozu/.emacs.d/.cache/lsp/lua-language-server/meta/Lua%205.4%20en-us%20utf8/table.lua
[13:11:27.282][info] [#0:script/workspace/loading.lua:97]: Skip loaded file: file:///home/ozu/.emacs.d/.cache/lsp/lua-language-server/meta/Lua%205.4%20en-us%20utf8/table.lua
[13:11:27.282][info] [#0:script/workspace/loading.lua:97]: Skip loaded file: file:///home/ozu/.emacs.d/.cache/lsp/lua-language-server/meta/Lua%205.4%20en-us%20utf8/utf8.lua
[13:11:27.282][info] [#0:script/workspace/loading.lua:100]: Preload file at: file:///home/ozu/.emacs.d/.cache/lsp/lua-language-server/meta/Lua%205.4%20en-us%20utf8/io.lua , size = 6.364 KB
[13:11:27.290][info] [#0:script/workspace/loading.lua:112]: ++++As library of:	file:///home/ozu/.emacs.d/.cache/lsp/lua-language-server/meta/Lua%205.4%20en-us%20utf8/io.lua
[13:11:27.290][info] [#0:script/workspace/loading.lua:97]: Skip loaded file: file:///home/ozu/.emacs.d/.cache/lsp/lua-language-server/meta/Lua%205.4%20en-us%20utf8/io.lua
[13:11:27.290][info] [#0:script/workspace/loading.lua:100]: Preload file at: file:///home/ozu/.emacs.d/.cache/lsp/lua-language-server/meta/Lua%205.4%20en-us%20utf8/coroutine.lua , size = 2.590 KB
[13:11:27.293][info] [#0:script/workspace/loading.lua:112]: ++++As library of:	file:///home/ozu/.emacs.d/.cache/lsp/lua-language-server/meta/Lua%205.4%20en-us%20utf8/coroutine.lua
[13:11:27.293][info] [#0:script/workspace/loading.lua:97]: Skip loaded file: file:///home/ozu/.emacs.d/.cache/lsp/lua-language-server/meta/Lua%205.4%20en-us%20utf8/coroutine.lua
[13:11:27.294][info] [#0:script/workspace/loading.lua:100]: Preload file at: file:///home/ozu/.emacs.d/.cache/lsp/lua-language-server/meta/Lua%205.4%20en-us%20utf8/package.lua , size = 2.944 KB
[13:11:27.298][info] [#0:script/workspace/loading.lua:112]: ++++As library of:	file:///home/ozu/.emacs.d/.cache/lsp/lua-language-server/meta/Lua%205.4%20en-us%20utf8/package.lua
[13:11:27.298][info] [#0:script/workspace/loading.lua:97]: Skip loaded file: file:///home/ozu/.emacs.d/.cache/lsp/lua-language-server/meta/Lua%205.4%20en-us%20utf8/package.lua
[13:11:27.299][info] [#0:script/workspace/loading.lua:100]: Preload file at: file:///home/ozu/.emacs.d/.cache/lsp/lua-language-server/meta/Lua%205.4%20en-us%20utf8/debug.lua , size = 7.637 KB
[13:11:27.319][info] [#0:script/workspace/loading.lua:112]: ++++As library of:	file:///home/ozu/.emacs.d/.cache/lsp/lua-language-server/meta/Lua%205.4%20en-us%20utf8/debug.lua
[13:11:27.319][info] [#0:script/workspace/loading.lua:88]: Skip loaded file: file:///home/ozu/.emacs.d/.cache/lsp/lua-language-server/meta/Lua%205.4%20en-us%20utf8/debug.lua
[13:11:27.319][info] [#0:script/workspace/loading.lua:112]: ++++As library of:	file:///home/ozu/.emacs.d/.cache/lsp/lua-language-server/meta/Lua%205.4%20en-us%20utf8/debug.lua
[13:11:27.320][info] [#0:script/workspace/loading.lua:100]: Preload file at: file:///home/ozu/.emacs.d/.cache/lsp/lua-language-server/meta/Lua%205.4%20en-us%20utf8/string.lua , size = 5.234 KB
[13:11:27.326][info] [#0:script/workspace/loading.lua:112]: ++++As library of:	file:///home/ozu/.emacs.d/.cache/lsp/lua-language-server/meta/Lua%205.4%20en-us%20utf8/string.lua
[13:11:27.327][info] [#0:script/workspace/loading.lua:97]: Skip loaded file: file:///home/ozu/.emacs.d/.cache/lsp/lua-language-server/meta/Lua%205.4%20en-us%20utf8/string.lua
[13:11:27.327][info] [#0:script/workspace/loading.lua:100]: Preload file at: file:///home/ozu/.emacs.d/.cache/lsp/lua-language-server/meta/Lua%205.4%20en-us%20utf8/builtin.lua , size = 0.302 KB
[13:11:27.328][info] [#0:script/workspace/loading.lua:112]: ++++As library of:	file:///home/ozu/.emacs.d/.cache/lsp/lua-language-server/meta/Lua%205.4%20en-us%20utf8/builtin.lua
[13:11:27.328][info] [#0:script/workspace/loading.lua:97]: Skip loaded file: file:///home/ozu/.emacs.d/.cache/lsp/lua-language-server/meta/Lua%205.4%20en-us%20utf8/builtin.lua
[13:11:27.328][info] [#0:script/workspace/loading.lua:172]: Loaded files takes [0.139] sec: <fallback>
[13:11:27.328][info] [#0:script/workspace/loading.lua:181]: Compile files takes [0.000] sec: <fallback>
[13:11:27.328][info] [#0:script/workspace/loading.lua:182]: Loaded finish:	<fallback>
[13:11:27.328][info] [#0:script/workspace/workspace.lua:381]: Preload finish at:	<fallback>
[13:11:27.331][info] [#0:script/workspace/loading.lua:88]: Skip loaded file: file:///home/ozu/github/mpv-subtitle-downloader-plugin/sub_downloader_plugin.lua
[13:11:27.331][info] [#0:script/workspace/loading.lua:172]: Loaded files takes [0.141] sec: file:///home/ozu/github/mpv-subtitle-downloader-plugin
[13:11:27.331][info] [#0:script/workspace/loading.lua:181]: Compile files takes [0.000] sec: file:///home/ozu/github/mpv-subtitle-downloader-plugin
[13:11:27.331][info] [#0:script/workspace/loading.lua:182]: Loaded finish:	file:///home/ozu/github/mpv-subtitle-downloader-plugin
[13:11:27.331][info] [#0:script/workspace/workspace.lua:381]: Preload finish at:	file:///home/ozu/github/mpv-subtitle-downloader-plugin
[13:11:27.336][info] [#0:script/provider/diagnostic.lua:560]: Diagnostics scope [file:///home/ozu/github/mpv-subtitle-downloader-plugin], files count:[12]
[13:11:27.359][info] [#0:script/provider/diagnostic.lua:577]: Diagnostics scope [file:///home/ozu/github/mpv-subtitle-downloader-plugin] finished, takes [0.015] sec.
[13:12:10.811][info] [#0:script/provider/diagnostic.lua:560]: Diagnostics scope [file:///home/ozu/github/mpv-subtitle-downloader-plugin], files count:[12]
[13:12:10.830][info] [#0:script/provider/diagnostic.lua:577]: Diagnostics scope [file:///home/ozu/github/mpv-subtitle-downloader-plugin] finished, takes [0.012] sec.
[13:12:12.596][info] [#0:script/provider/diagnostic.lua:560]: Diagnostics scope [file:///home/ozu/github/mpv-subtitle-downloader-plugin], files count:[12]
[13:12:12.608][info] [#0:script/provider/diagnostic.lua:577]: Diagnostics scope [file:///home/ozu/github/mpv-subtitle-downloader-plugin] finished, takes [0.005] sec.
[13:13:57.969][info] [#0:script/provider/diagnostic.lua:560]: Diagnostics scope [file:///home/ozu/github/mpv-subtitle-downloader-plugin], files count:[12]
[13:13:57.991][info] [#0:script/provider/diagnostic.lua:577]: Diagnostics scope [file:///home/ozu/github/mpv-subtitle-downloader-plugin] finished, takes [0.015] sec.
[13:14:43.321][info] [#0:script/workspace/workspace.lua:284]: Scan files at:	file:///home/ozu/github/mpv-subtitle-downloader-plugin/%23sub_downloader_plugin.lua%23
[13:14:43.322][info] [#0:script/workspace/loading.lua:160]: Load files from disk:	file:///home/ozu/github/mpv-subtitle-downloader-plugin/%23sub_downloader_plugin.lua%23
[13:14:43.322][info] [#0:script/workspace/loading.lua:172]: Loaded files takes [0.000] sec: file:///home/ozu/github/mpv-subtitle-downloader-plugin/%23sub_downloader_plugin.lua%23
[13:14:43.322][info] [#0:script/workspace/loading.lua:181]: Compile files takes [0.000] sec: file:///home/ozu/github/mpv-subtitle-downloader-plugin/%23sub_downloader_plugin.lua%23
[13:14:43.322][info] [#0:script/workspace/loading.lua:182]: Loaded finish:	file:///home/ozu/github/mpv-subtitle-downloader-plugin/%23sub_downloader_plugin.lua%23
[13:14:47.446][info] [#0:script/provider/diagnostic.lua:560]: Diagnostics scope [file:///home/ozu/github/mpv-subtitle-downloader-plugin], files count:[12]
[13:14:47.460][info] [#0:script/provider/diagnostic.lua:577]: Diagnostics scope [file:///home/ozu/github/mpv-subtitle-downloader-plugin] finished, takes [0.007] sec.
[13:14:56.353][info] [#0:script/provider/diagnostic.lua:560]: Diagnostics scope [file:///home/ozu/github/mpv-subtitle-downloader-plugin], files count:[12]
[13:14:56.387][info] [#0:script/provider/diagnostic.lua:577]: Diagnostics scope [file:///home/ozu/github/mpv-subtitle-downloader-plugin] finished, takes [0.019] sec.
[13:16:03.727][info] [#0:script/provider/diagnostic.lua:560]: Diagnostics scope [file:///home/ozu/github/mpv-subtitle-downloader-plugin], files count:[12]
[13:16:03.751][info] [#0:script/provider/diagnostic.lua:577]: Diagnostics scope [file:///home/ozu/github/mpv-subtitle-downloader-plugin] finished, takes [0.015] sec.
[13:16:38.392][info] [#0:script/provider/diagnostic.lua:560]: Diagnostics scope [file:///home/ozu/github/mpv-subtitle-downloader-plugin], files count:[12]
[13:16:38.421][info] [#0:script/provider/diagnostic.lua:577]: Diagnostics scope [file:///home/ozu/github/mpv-subtitle-downloader-plugin] finished, takes [0.017] sec.
[13:16:57.755][info] [#0:script/provider/diagnostic.lua:560]: Diagnostics scope [file:///home/ozu/github/mpv-subtitle-downloader-plugin], files count:[12]
[13:16:57.777][info] [#0:script/provider/diagnostic.lua:577]: Diagnostics scope [file:///home/ozu/github/mpv-subtitle-downloader-plugin] finished, takes [0.012] sec.
[13:17:45.360][info] [#0:script/provider/diagnostic.lua:560]: Diagnostics scope [file:///home/ozu/github/mpv-subtitle-downloader-plugin], files count:[12]
[13:17:45.390][info] [#0:script/provider/diagnostic.lua:577]: Diagnostics scope [file:///home/ozu/github/mpv-subtitle-downloader-plugin] finished, takes [0.022] sec.
[13:21:26.398][info] [#0:script/service/service.lua:145]: 
========= Medical Examination Report =========
    --------------- Memory ---------------
        Total: 7.467 MB
        # 00 : 7.121 MB
        # 01 : 0.128 MB
        # 02 : 0.112 MB
        # 03 : 0.053 MB
        # 04 : 0.053 MB
    --------------- Coroutine ---------------
        Total:     38
        Running:   0
        Suspended: 0
        Normal:    0
        Dead:      38
    --------------- Cache ---------------
        Total: 1
        Dead:  0
    ---------------  RPC  ---------------
        Holdon:   0
        Waiting:  0
==============================================
[13:24:12.243][info] [#0:script/provider/diagnostic.lua:560]: Diagnostics scope [file:///home/ozu/github/mpv-subtitle-downloader-plugin], files count:[12]
[13:24:12.290][info] [#0:script/provider/diagnostic.lua:577]: Diagnostics scope [file:///home/ozu/github/mpv-subtitle-downloader-plugin] finished, takes [0.026] sec.
[13:26:23.891][info] [#0:script/provider/diagnostic.lua:560]: Diagnostics scope [file:///home/ozu/github/mpv-subtitle-downloader-plugin], files count:[12]
[13:26:23.920][info] [#0:script/provider/diagnostic.lua:577]: Diagnostics scope [file:///home/ozu/github/mpv-subtitle-downloader-plugin] finished, takes [0.017] sec.
[13:28:41.176][info] [#0:script/provider/diagnostic.lua:560]: Diagnostics scope [file:///home/ozu/github/mpv-subtitle-downloader-plugin], files count:[12]
[13:28:41.202][info] [#0:script/provider/diagnostic.lua:577]: Diagnostics scope [file:///home/ozu/github/mpv-subtitle-downloader-plugin] finished, takes [0.014] sec.
[13:28:49.407][info] [#0:script/provider/diagnostic.lua:560]: Diagnostics scope [file:///home/ozu/github/mpv-subtitle-downloader-plugin], files count:[12]
[13:28:49.442][info] [#0:script/provider/diagnostic.lua:577]: Diagnostics scope [file:///home/ozu/github/mpv-subtitle-downloader-plugin] finished, takes [0.022] sec.
[13:28:52.281][info] [#0:script/provider/diagnostic.lua:560]: Diagnostics scope [file:///home/ozu/github/mpv-subtitle-downloader-plugin], files count:[12]
[13:28:52.310][info] [#0:script/provider/diagnostic.lua:577]: Diagnostics scope [file:///home/ozu/github/mpv-subtitle-downloader-plugin] finished, takes [0.015] sec.
[13:28:54.936][info] [#0:script/provider/diagnostic.lua:560]: Diagnostics scope [file:///home/ozu/github/mpv-subtitle-downloader-plugin], files count:[12]
[13:28:54.962][info] [#0:script/provider/diagnostic.lua:577]: Diagnostics scope [file:///home/ozu/github/mpv-subtitle-downloader-plugin] finished, takes [0.014] sec.
[13:31:16.493][info] [#0:script/provider/diagnostic.lua:560]: Diagnostics scope [file:///home/ozu/github/mpv-subtitle-downloader-plugin], files count:[12]
[13:31:16.513][info] [#0:script/provider/diagnostic.lua:577]: Diagnostics scope [file:///home/ozu/github/mpv-subtitle-downloader-plugin] finished, takes [0.009] sec.
[13:31:26.436][info] [#0:script/service/service.lua:145]: 
========= Medical Examination Report =========
    --------------- Memory ---------------
        Total: 7.204 MB
        # 00 : 6.859 MB
        # 01 : 0.128 MB
        # 02 : 0.112 MB
        # 03 : 0.053 MB
        # 04 : 0.053 MB
    --------------- Coroutine ---------------
        Total:     48
        Running:   0
        Suspended: 0
        Normal:    0
        Dead:      48
    --------------- Cache ---------------
        Total: 1
        Dead:  0
    ---------------  RPC  ---------------
        Holdon:   0
        Waiting:  0
==============================================
