[00:28:36.306][info] [#0:/home/ozu/.emacs.d/.cache/lsp/lua-language-server/main.lua:68]: Lua Lsp startup, root: 	/home/ozu/.emacs.d/.cache/lsp/lua-language-server
[00:28:36.307][info] [#0:/home/ozu/.emacs.d/.cache/lsp/lua-language-server/main.lua:69]: ROOT:	/home/ozu/.emacs.d/.cache/lsp/lua-language-server
[00:28:36.307][info] [#0:/home/ozu/.emacs.d/.cache/lsp/lua-language-server/main.lua:70]: LOGPATH:	/home/ozu/.emacs.d/.cache/lsp/lua-language-server/log
[00:28:36.307][info] [#0:/home/ozu/.emacs.d/.cache/lsp/lua-language-server/main.lua:71]: METAPATH:	/home/ozu/.emacs.d/.cache/lsp/lua-language-server/meta
[00:28:36.328][info] [#0:/home/ozu/.emacs.d/.cache/lsp/lua-language-server/main.lua:72]: VERSION:	3.14.0
[00:28:36.485][info] [#0:script/proto/proto.lua:260]: Listen Mode: stdio
[00:28:36.485][info] [#0:script/service/service.lua:145]: 
========= Medical Examination Report =========
    --------------- Memory ---------------
        Total: 2.261 MB
        # 00 : 2.261 MB
        # 01 : 0.000 MB
        # 02 : 0.000 MB
        # 03 : 0.000 MB
        # 04 : 0.000 MB
    --------------- Coroutine ---------------
        Total:     0
        Running:   0
        Suspended: 0
        Normal:    0
        Dead:      0
    --------------- Cache ---------------
        Total: 1
        Dead:  0
    ---------------  RPC  ---------------
        Holdon:   0
        Waiting:  0
==============================================
[00:28:36.600][info] [#0:script/client.lua:657]: Client init	{
  capabilities = {
    general = {
      positionEncodings = { "utf-32", "utf-16" }
    },
    textDocument = {
      callHierarchy = {
        dynamicRegistration = false
      },
      codeAction = {
        codeActionLiteralSupport = {
          codeActionKind = {
            valueSet = { "", "quickfix", "refactor", "refactor.extract", "refactor.inline", "refactor.rewrite", "source", "source.organizeImports" }
          }
        },
        dataSupport = true,
        dynamicRegistration = true,
        isPreferredSupport = true,
        resolveSupport = {
          properties = { "edit", "command" }
        }
      },
      completion = {
        completionItem = {
          deprecatedSupport = true,
          documentationFormat = { "markdown", "plaintext" },
          insertReplaceSupport = true,
          insertTextModeSupport = {
            valueSet = { 1, 2 }
          },
          labelDetailsSupport = true,
          resolveAdditionalTextEditsSupport = true,
          resolveSupport = {
            properties = { "documentation", "detail", "additionalTextEdits", "command" }
          },
          snippetSupport = true
        },
        contextSupport = true,
        dynamicRegistration = true
      },
      declaration = {
        dynamicRegistration = true,
        linkSupport = true
      },
      definition = {
        dynamicRegistration = true,
        linkSupport = true
      },
      diagnostic = {
        dynamicRegistration = false,
        relatedDocumentSupport = false
      },
      documentLink = {
        dynamicRegistration = true,
        tooltipSupport = true
      },
      documentSymbol = {
        hierarchicalDocumentSymbolSupport = true,
        symbolKind = {
          valueSet = { 1, 2, 3, 4, 5, 6, 7, 8, 9, 10, 11, 12, 13, 14, 15, 16, 17, 18, 19, 20, 21, 22, 23, 24, 25, 26 }
        }
      },
      foldingRange = {
        dynamicRegistration = true
      },
      formatting = {
        dynamicRegistration = true
      },
      hover = {
        contentFormat = { "markdown", "plaintext" },
        dynamicRegistration = true
      },
      implementation = {
        dynamicRegistration = true,
        linkSupport = true
      },
      linkedEditingRange = {
        dynamicRegistration = true
      },
      onTypeFormatting = {
        dynamicRegistration = true
      },
      publishDiagnostics = {
        relatedInformation = true,
        tagSupport = {
          valueSet = { 1, 2 }
        },
        versionSupport = true
      },
      rangeFormatting = {
        dynamicRegistration = true
      },
      references = {
        dynamicRegistration = true
      },
      rename = {
        dynamicRegistration = true,
        prepareSupport = true
      },
      selectionRange = {
        dynamicRegistration = true
      },
      signatureHelp = {
        dynamicRegistration = true,
        signatureInformation = {
          activeParameterSupport = true,
          parameterInformation = {
            labelOffsetSupport = true
          }
        }
      },
      synchronization = {
        didSave = true,
        willSave = true,
        willSaveWaitUntil = true
      },
      typeDefinition = {
        dynamicRegistration = true,
        linkSupport = true
      },
      typeHierarchy = {
        dynamicRegistration = true
      }
    },
    window = {
      showDocument = {
        support = true
      },
      workDoneProgress = true
    },
    workspace = {
      applyEdit = true,
      codeLens = {
        refreshSupport = true
      },
      configuration = true,
      diagnostics = {
        refreshSupport = false
      },
      didChangeWatchedFiles = {
        dynamicRegistration = true
      },
      executeCommand = {
        dynamicRegistration = false
      },
      fileOperations = {
        didCreate = false,
        didDelete = false,
        didRename = true,
        willCreate = false,
        willDelete = false,
        willRename = true
      },
      symbol = {
        symbolKind = {
          valueSet = { 1, 2, 3, 4, 5, 6, 7, 8, 9, 10, 11, 12, 13, 14, 15, 16, 17, 18, 19, 20, 21, 22, 23, 24, 25, 26 }
        }
      },
      workspaceEdit = {
        documentChanges = true,
        resourceOperations = { "create", "rename", "delete" }
      },
      workspaceFolders = true
    }
  },
  clientInfo = {
    name = "emacs",
    version = "GNU Emacs 30.1 (build 2, x86_64-pc-linux-gnu, GTK+ Version 3.24.49, cairo version 1.18.4)"
  },
  processId = 604,
  rootPath = "/home/ozu/github/lua-games",
  rootUri = "file:///home/ozu/github/lua-games",
  workDoneToken = "1"
}
[00:28:36.600][info] [#0:script/language.lua:137]: VSC language: nil
[00:28:36.600][info] [#0:script/language.lua:138]: LS  language: en-us
[00:28:36.600][info] [#0:script/workspace/workspace.lua:38]: Workspace init root: 	file:///home/ozu/github/lua-games
[00:28:36.601][info] [#0:script/workspace/workspace.lua:42]: Log path: 	/home/ozu/.emacs.d/.cache/lsp/lua-language-server/log/file_home_ozu_github_lua-games.log
[00:28:36.622][info] [#0:script/workspace/workspace.lua:48]: Workspace create: 	file:///home/ozu/github/lua-games
[00:28:36.933][info] [#0:script/provider/provider.lua:49]: Load config from client	file:///home/ozu/github/lua-games
[00:28:36.934][info] [#0:script/provider/provider.lua:50]: {
  Lua = {
    color = {
      mode = "Semantic"
    },
    completion = {
      callSnippet = "Disable",
      displayContext = 6,
      enable = true,
      keywordSnippet = "Replace",
      workspaceWord = true
    },
    develop = {
      debuggerPort = 11412,
      debuggerWait = false,
      enable = false
    },
    diagnostics = {
      enable = true,
      workspaceDelay = 0,
      workspaceRate = 100
    },
    hint = {
      enable = false,
      paramName = true,
      paramType = true
    },
    hover = {
      enable = true,
      fieldInfer = 3000,
      previewFields = 100,
      viewNumber = true,
      viewString = true,
      viewStringMax = 1000
    },
    intelliSense = {
      searchDepth = 0
    },
    runtime = {
      fileEncoding = "utf8",
      path = { "?.lua", "?/init.lua", "?/?.lua" },
      version = "Lua 5.4"
    },
    signatureHelp = {
      enable = true
    },
    telemetry = {
      enable = false
    },
    window = {
      progressBar = true,
      statusBar = true
    },
    workspace = {
      ignoreDir = { ".vscode" },
      ignoreSubmodules = true,
      maxPreload = 1000,
      preloadFileSize = 100,
      useGitIgnore = true
    }
  },
  ["files.associations"] = false,
  ["files.exclude"] = false
}
[00:28:37.035][info] [#0:script/provider/completion.lua:43]: Enable completion.
[00:28:37.036][info] [#0:script/provider/provider.lua:65]: Load config from client	fallback
[00:28:37.037][info] [#0:script/provider/provider.lua:66]: {
  Lua = {
    color = {
      mode = "Semantic"
    },
    completion = {
      callSnippet = "Disable",
      displayContext = 6,
      enable = true,
      keywordSnippet = "Replace",
      workspaceWord = true
    },
    develop = {
      debuggerPort = 11412,
      debuggerWait = false,
      enable = false
    },
    diagnostics = {
      enable = true,
      workspaceDelay = 0,
      workspaceRate = 100
    },
    hint = {
      enable = false,
      paramName = true,
      paramType = true
    },
    hover = {
      enable = true,
      fieldInfer = 3000,
      previewFields = 100,
      viewNumber = true,
      viewString = true,
      viewStringMax = 1000
    },
    intelliSense = {
      searchDepth = 0
    },
    runtime = {
      fileEncoding = "utf8",
      path = { "?.lua", "?/init.lua", "?/?.lua" },
      version = "Lua 5.4"
    },
    signatureHelp = {
      enable = true
    },
    telemetry = {
      enable = false
    },
    window = {
      progressBar = true,
      statusBar = true
    },
    workspace = {
      ignoreDir = { ".vscode" },
      ignoreSubmodules = true,
      maxPreload = 1000,
      preloadFileSize = 100,
      useGitIgnore = true
    }
  },
  ["files.associations"] = false,
  ["files.exclude"] = false
}
[00:28:37.189][info] [#0:script/library.lua:212]: Init builtin library at:	file:///home/ozu/github/lua-games
[00:28:37.272][info] [#0:script/library.lua:212]: Init builtin library at:	nil
[00:28:37.389][info] [#0:script/workspace/workspace.lua:324]: Preload start:	file:///home/ozu/github/lua-games
[00:28:37.392][info] [#0:script/workspace/workspace.lua:330]: Scan files at:	file:///home/ozu/github/lua-games
[00:28:37.397][info] [#0:script/workspace/workspace.lua:324]: Preload start:	<fallback>
[00:28:37.408][info] [#0:script/workspace/workspace.lua:353]: Scan library at:	file:///home/ozu/.emacs.d/.cache/lsp/lua-language-server/meta/Lua%205.4%20en-us%20utf8/builtin.lua
[00:28:37.408][info] [#0:script/workspace/workspace.lua:353]: Scan library at:	file:///home/ozu/.emacs.d/.cache/lsp/lua-language-server/meta/Lua%205.4%20en-us%20utf8/string.lua
[00:28:37.409][info] [#0:script/workspace/workspace.lua:353]: Scan library at:	file:///home/ozu/.emacs.d/.cache/lsp/lua-language-server/meta/Lua%205.4%20en-us%20utf8/builtin.lua
[00:28:37.409][info] [#0:script/workspace/workspace.lua:353]: Scan library at:	file:///home/ozu/.emacs.d/.cache/lsp/lua-language-server/meta/Lua%205.4%20en-us%20utf8/debug.lua
[00:28:37.409][info] [#0:script/workspace/workspace.lua:353]: Scan library at:	file:///home/ozu/.emacs.d/.cache/lsp/lua-language-server/meta/Lua%205.4%20en-us%20utf8/string.lua
[00:28:37.410][info] [#0:script/workspace/workspace.lua:353]: Scan library at:	file:///home/ozu/.emacs.d/.cache/lsp/lua-language-server/meta/Lua%205.4%20en-us%20utf8/package.lua
[00:28:37.410][info] [#0:script/workspace/workspace.lua:353]: Scan library at:	file:///home/ozu/.emacs.d/.cache/lsp/lua-language-server/meta/Lua%205.4%20en-us%20utf8/debug.lua
[00:28:37.410][info] [#0:script/workspace/workspace.lua:353]: Scan library at:	file:///home/ozu/.emacs.d/.cache/lsp/lua-language-server/meta/Lua%205.4%20en-us%20utf8/coroutine.lua
[00:28:37.411][info] [#0:script/workspace/workspace.lua:353]: Scan library at:	file:///home/ozu/.emacs.d/.cache/lsp/lua-language-server/meta/Lua%205.4%20en-us%20utf8/package.lua
[00:28:37.412][info] [#0:script/workspace/workspace.lua:353]: Scan library at:	file:///home/ozu/.emacs.d/.cache/lsp/lua-language-server/meta/Lua%205.4%20en-us%20utf8/io.lua
[00:28:37.412][info] [#0:script/workspace/workspace.lua:353]: Scan library at:	file:///home/ozu/.emacs.d/.cache/lsp/lua-language-server/meta/Lua%205.4%20en-us%20utf8/coroutine.lua
[00:28:37.413][info] [#0:script/workspace/workspace.lua:353]: Scan library at:	file:///home/ozu/.emacs.d/.cache/lsp/lua-language-server/meta/Lua%205.4%20en-us%20utf8/table.lua
[00:28:37.413][info] [#0:script/workspace/workspace.lua:353]: Scan library at:	file:///home/ozu/.emacs.d/.cache/lsp/lua-language-server/meta/Lua%205.4%20en-us%20utf8/io.lua
[00:28:37.414][info] [#0:script/workspace/workspace.lua:353]: Scan library at:	file:///home/ozu/.emacs.d/.cache/lsp/lua-language-server/meta/Lua%205.4%20en-us%20utf8/basic.lua
[00:28:37.414][info] [#0:script/workspace/workspace.lua:353]: Scan library at:	file:///home/ozu/.emacs.d/.cache/lsp/lua-language-server/meta/Lua%205.4%20en-us%20utf8/table.lua
[00:28:37.414][info] [#0:script/workspace/workspace.lua:353]: Scan library at:	file:///home/ozu/.emacs.d/.cache/lsp/lua-language-server/meta/Lua%205.4%20en-us%20utf8/math.lua
[00:28:37.414][info] [#0:script/workspace/workspace.lua:353]: Scan library at:	file:///home/ozu/.emacs.d/.cache/lsp/lua-language-server/meta/Lua%205.4%20en-us%20utf8/basic.lua
[00:28:37.415][info] [#0:script/workspace/workspace.lua:353]: Scan library at:	file:///home/ozu/.emacs.d/.cache/lsp/lua-language-server/meta/Lua%205.4%20en-us%20utf8/os.lua
[00:28:37.415][info] [#0:script/workspace/workspace.lua:353]: Scan library at:	file:///home/ozu/.emacs.d/.cache/lsp/lua-language-server/meta/Lua%205.4%20en-us%20utf8/math.lua
[00:28:37.415][info] [#0:script/workspace/workspace.lua:353]: Scan library at:	file:///home/ozu/.emacs.d/.cache/lsp/lua-language-server/meta/Lua%205.4%20en-us%20utf8/utf8.lua
[00:28:37.415][info] [#0:script/workspace/workspace.lua:353]: Scan library at:	file:///home/ozu/.emacs.d/.cache/lsp/lua-language-server/meta/Lua%205.4%20en-us%20utf8/os.lua
[00:28:37.416][info] [#0:script/workspace/workspace.lua:353]: Scan library at:	file:///home/ozu/.emacs.d/.cache/lsp/lua-language-server/meta/Lua%205.4%20en-us%20utf8/utf8.lua
[00:28:37.516][info] [#0:script/workspace/workspace.lua:379]: Found 11 files at:	<fallback>
[00:28:37.517][info] [#0:script/workspace/loading.lua:160]: Load files from disk:	<fallback>
[00:28:37.517][info] [#0:script/workspace/workspace.lua:379]: Found 12 files at:	file:///home/ozu/github/lua-games
[00:28:37.517][info] [#0:script/workspace/loading.lua:160]: Load files from disk:	file:///home/ozu/github/lua-games
[00:28:37.520][info] [#0:script/workspace/loading.lua:100]: Preload file at: file:///home/ozu/.emacs.d/.cache/lsp/lua-language-server/meta/Lua%205.4%20en-us%20utf8/utf8.lua , size = 2.386 KB
[00:28:37.527][info] [#0:script/workspace/loading.lua:112]: ++++As library of:	file:///home/ozu/.emacs.d/.cache/lsp/lua-language-server/meta/Lua%205.4%20en-us%20utf8/utf8.lua
[00:28:37.527][info] [#0:script/workspace/loading.lua:100]: Preload file at: file:///home/ozu/.emacs.d/.cache/lsp/lua-language-server/meta/Lua%205.4%20en-us%20utf8/os.lua , size = 5.611 KB
[00:28:37.536][info] [#0:script/workspace/loading.lua:112]: ++++As library of:	file:///home/ozu/.emacs.d/.cache/lsp/lua-language-server/meta/Lua%205.4%20en-us%20utf8/os.lua
[00:28:37.536][info] [#0:script/workspace/loading.lua:97]: Skip loaded file: file:///home/ozu/.emacs.d/.cache/lsp/lua-language-server/meta/Lua%205.4%20en-us%20utf8/os.lua
[00:28:37.536][info] [#0:script/workspace/loading.lua:100]: Preload file at: file:///home/ozu/.emacs.d/.cache/lsp/lua-language-server/meta/Lua%205.4%20en-us%20utf8/math.lua , size = 8.542 KB
[00:28:37.556][info] [#0:script/workspace/loading.lua:112]: ++++As library of:	file:///home/ozu/.emacs.d/.cache/lsp/lua-language-server/meta/Lua%205.4%20en-us%20utf8/math.lua
[00:28:37.556][info] [#0:script/workspace/loading.lua:97]: Skip loaded file: file:///home/ozu/.emacs.d/.cache/lsp/lua-language-server/meta/Lua%205.4%20en-us%20utf8/math.lua
[00:28:37.556][info] [#0:script/workspace/loading.lua:100]: Preload file at: file:///home/ozu/.emacs.d/.cache/lsp/lua-language-server/meta/Lua%205.4%20en-us%20utf8/basic.lua , size = 15.841 KB
[00:28:37.583][info] [#0:script/workspace/loading.lua:112]: ++++As library of:	file:///home/ozu/.emacs.d/.cache/lsp/lua-language-server/meta/Lua%205.4%20en-us%20utf8/basic.lua
[00:28:37.583][info] [#0:script/workspace/loading.lua:97]: Skip loaded file: file:///home/ozu/.emacs.d/.cache/lsp/lua-language-server/meta/Lua%205.4%20en-us%20utf8/basic.lua
[00:28:37.583][info] [#0:script/workspace/loading.lua:100]: Preload file at: file:///home/ozu/.emacs.d/.cache/lsp/lua-language-server/meta/Lua%205.4%20en-us%20utf8/table.lua , size = 4.445 KB
[00:28:37.588][info] [#0:script/workspace/loading.lua:112]: ++++As library of:	file:///home/ozu/.emacs.d/.cache/lsp/lua-language-server/meta/Lua%205.4%20en-us%20utf8/table.lua
[00:28:37.589][info] [#0:script/workspace/loading.lua:97]: Skip loaded file: file:///home/ozu/.emacs.d/.cache/lsp/lua-language-server/meta/Lua%205.4%20en-us%20utf8/table.lua
[00:28:37.589][info] [#0:script/workspace/loading.lua:100]: Preload file at: file:///home/ozu/.emacs.d/.cache/lsp/lua-language-server/meta/Lua%205.4%20en-us%20utf8/io.lua , size = 6.364 KB
[00:28:37.596][info] [#0:script/workspace/loading.lua:112]: ++++As library of:	file:///home/ozu/.emacs.d/.cache/lsp/lua-language-server/meta/Lua%205.4%20en-us%20utf8/io.lua
[00:28:37.596][info] [#0:script/workspace/loading.lua:97]: Skip loaded file: file:///home/ozu/.emacs.d/.cache/lsp/lua-language-server/meta/Lua%205.4%20en-us%20utf8/io.lua
[00:28:37.596][info] [#0:script/workspace/loading.lua:100]: Preload file at: file:///home/ozu/.emacs.d/.cache/lsp/lua-language-server/meta/Lua%205.4%20en-us%20utf8/coroutine.lua , size = 2.590 KB
[00:28:37.599][info] [#0:script/workspace/loading.lua:112]: ++++As library of:	file:///home/ozu/.emacs.d/.cache/lsp/lua-language-server/meta/Lua%205.4%20en-us%20utf8/coroutine.lua
[00:28:37.599][info] [#0:script/workspace/loading.lua:97]: Skip loaded file: file:///home/ozu/.emacs.d/.cache/lsp/lua-language-server/meta/Lua%205.4%20en-us%20utf8/utf8.lua
[00:28:37.599][info] [#0:script/workspace/loading.lua:88]: Skip loaded file: file:///home/ozu/.emacs.d/.cache/lsp/lua-language-server/meta/Lua%205.4%20en-us%20utf8/coroutine.lua
[00:28:37.599][info] [#0:script/workspace/loading.lua:112]: ++++As library of:	file:///home/ozu/.emacs.d/.cache/lsp/lua-language-server/meta/Lua%205.4%20en-us%20utf8/coroutine.lua
[00:28:37.600][info] [#0:script/workspace/loading.lua:100]: Preload file at: file:///home/ozu/.emacs.d/.cache/lsp/lua-language-server/meta/Lua%205.4%20en-us%20utf8/package.lua , size = 2.944 KB
[00:28:37.605][info] [#0:script/workspace/loading.lua:112]: ++++As library of:	file:///home/ozu/.emacs.d/.cache/lsp/lua-language-server/meta/Lua%205.4%20en-us%20utf8/package.lua
[00:28:37.605][info] [#0:script/workspace/loading.lua:88]: Skip loaded file: file:///home/ozu/.emacs.d/.cache/lsp/lua-language-server/meta/Lua%205.4%20en-us%20utf8/package.lua
[00:28:37.605][info] [#0:script/workspace/loading.lua:112]: ++++As library of:	file:///home/ozu/.emacs.d/.cache/lsp/lua-language-server/meta/Lua%205.4%20en-us%20utf8/package.lua
[00:28:37.605][info] [#0:script/workspace/loading.lua:100]: Preload file at: file:///home/ozu/.emacs.d/.cache/lsp/lua-language-server/meta/Lua%205.4%20en-us%20utf8/debug.lua , size = 7.637 KB
[00:28:37.615][info] [#0:script/workspace/loading.lua:112]: ++++As library of:	file:///home/ozu/.emacs.d/.cache/lsp/lua-language-server/meta/Lua%205.4%20en-us%20utf8/debug.lua
[00:28:37.615][info] [#0:script/workspace/loading.lua:100]: Preload file at: file:///home/ozu/.emacs.d/.cache/lsp/lua-language-server/meta/Lua%205.4%20en-us%20utf8/string.lua , size = 5.234 KB
[00:28:37.632][info] [#0:script/workspace/loading.lua:112]: ++++As library of:	file:///home/ozu/.emacs.d/.cache/lsp/lua-language-server/meta/Lua%205.4%20en-us%20utf8/string.lua
[00:28:37.632][info] [#0:script/workspace/loading.lua:97]: Skip loaded file: file:///home/ozu/.emacs.d/.cache/lsp/lua-language-server/meta/Lua%205.4%20en-us%20utf8/debug.lua
[00:28:37.632][info] [#0:script/workspace/loading.lua:88]: Skip loaded file: file:///home/ozu/.emacs.d/.cache/lsp/lua-language-server/meta/Lua%205.4%20en-us%20utf8/string.lua
[00:28:37.632][info] [#0:script/workspace/loading.lua:112]: ++++As library of:	file:///home/ozu/.emacs.d/.cache/lsp/lua-language-server/meta/Lua%205.4%20en-us%20utf8/string.lua
[00:28:37.632][info] [#0:script/workspace/loading.lua:100]: Preload file at: file:///home/ozu/.emacs.d/.cache/lsp/lua-language-server/meta/Lua%205.4%20en-us%20utf8/builtin.lua , size = 0.302 KB
[00:28:37.634][info] [#0:script/workspace/loading.lua:112]: ++++As library of:	file:///home/ozu/.emacs.d/.cache/lsp/lua-language-server/meta/Lua%205.4%20en-us%20utf8/builtin.lua
[00:28:37.634][info] [#0:script/workspace/loading.lua:97]: Skip loaded file: file:///home/ozu/.emacs.d/.cache/lsp/lua-language-server/meta/Lua%205.4%20en-us%20utf8/builtin.lua
[00:28:37.634][info] [#0:script/workspace/loading.lua:172]: Loaded files takes [0.119] sec: <fallback>
[00:28:37.634][info] [#0:script/workspace/loading.lua:181]: Compile files takes [0.000] sec: <fallback>
[00:28:37.634][info] [#0:script/workspace/loading.lua:182]: Loaded finish:	<fallback>
[00:28:37.634][info] [#0:script/workspace/workspace.lua:381]: Preload finish at:	<fallback>
[00:28:37.637][info] [#0:script/workspace/loading.lua:88]: Skip loaded file: file:///home/ozu/github/lua-games/eyes-game/main.lua
[00:28:37.637][info] [#0:script/workspace/loading.lua:172]: Loaded files takes [0.122] sec: file:///home/ozu/github/lua-games
[00:28:37.637][info] [#0:script/workspace/loading.lua:181]: Compile files takes [0.000] sec: file:///home/ozu/github/lua-games
[00:28:37.637][info] [#0:script/workspace/loading.lua:182]: Loaded finish:	file:///home/ozu/github/lua-games
[00:28:37.637][info] [#0:script/workspace/workspace.lua:381]: Preload finish at:	file:///home/ozu/github/lua-games
[00:28:37.644][info] [#0:script/provider/diagnostic.lua:560]: Diagnostics scope [file:///home/ozu/github/lua-games], files count:[12]
[00:28:37.734][info] [#0:script/provider/diagnostic.lua:577]: Diagnostics scope [file:///home/ozu/github/lua-games] finished, takes [0.034] sec.
[00:29:00.737][info] [#0:script/provider/diagnostic.lua:560]: Diagnostics scope [file:///home/ozu/github/lua-games], files count:[12]
[00:29:00.767][info] [#0:script/provider/diagnostic.lua:577]: Diagnostics scope [file:///home/ozu/github/lua-games] finished, takes [0.017] sec.
[00:38:36.862][info] [#0:script/service/service.lua:145]: 
========= Medical Examination Report =========
    --------------- Memory ---------------
        Total: 6.999 MB
        # 00 : 6.656 MB
        # 01 : 0.120 MB
        # 02 : 0.053 MB
        # 03 : 0.053 MB
        # 04 : 0.117 MB
    --------------- Coroutine ---------------
        Total:     32
        Running:   0
        Suspended: 0
        Normal:    0
        Dead:      32
    --------------- Cache ---------------
        Total: 1
        Dead:  0
    ---------------  RPC  ---------------
        Holdon:   0
        Waiting:  0
==============================================
[00:48:36.986][info] [#0:script/service/service.lua:145]: 
========= Medical Examination Report =========
    --------------- Memory ---------------
        Total: 7.004 MB
        # 00 : 6.661 MB
        # 01 : 0.120 MB
        # 02 : 0.053 MB
        # 03 : 0.053 MB
        # 04 : 0.117 MB
    --------------- Coroutine ---------------
        Total:     32
        Running:   0
        Suspended: 0
        Normal:    0
        Dead:      32
    --------------- Cache ---------------
        Total: 1
        Dead:  0
    ---------------  RPC  ---------------
        Holdon:   0
        Waiting:  0
==============================================
[00:58:37.118][info] [#0:script/service/service.lua:145]: 
========= Medical Examination Report =========
    --------------- Memory ---------------
        Total: 7.007 MB
        # 00 : 6.665 MB
        # 01 : 0.120 MB
        # 02 : 0.053 MB
        # 03 : 0.053 MB
        # 04 : 0.117 MB
    --------------- Coroutine ---------------
        Total:     32
        Running:   0
        Suspended: 0
        Normal:    0
        Dead:      32
    --------------- Cache ---------------
        Total: 1
        Dead:  0
    ---------------  RPC  ---------------
        Holdon:   0
        Waiting:  0
==============================================
[01:08:37.244][info] [#0:script/service/service.lua:145]: 
========= Medical Examination Report =========
    --------------- Memory ---------------
        Total: 7.011 MB
        # 00 : 6.669 MB
        # 01 : 0.120 MB
        # 02 : 0.053 MB
        # 03 : 0.053 MB
        # 04 : 0.117 MB
    --------------- Coroutine ---------------
        Total:     32
        Running:   0
        Suspended: 0
        Normal:    0
        Dead:      32
    --------------- Cache ---------------
        Total: 1
        Dead:  0
    ---------------  RPC  ---------------
        Holdon:   0
        Waiting:  0
==============================================
[01:18:37.360][info] [#0:script/service/service.lua:145]: 
========= Medical Examination Report =========
    --------------- Memory ---------------
        Total: 7.015 MB
        # 00 : 6.672 MB
        # 01 : 0.120 MB
        # 02 : 0.053 MB
        # 03 : 0.053 MB
        # 04 : 0.117 MB
    --------------- Coroutine ---------------
        Total:     32
        Running:   0
        Suspended: 0
        Normal:    0
        Dead:      32
    --------------- Cache ---------------
        Total: 1
        Dead:  0
    ---------------  RPC  ---------------
        Holdon:   0
        Waiting:  0
==============================================
[01:28:37.484][info] [#0:script/service/service.lua:145]: 
========= Medical Examination Report =========
    --------------- Memory ---------------
        Total: 7.019 MB
        # 00 : 6.676 MB
        # 01 : 0.120 MB
        # 02 : 0.053 MB
        # 03 : 0.053 MB
        # 04 : 0.117 MB
    --------------- Coroutine ---------------
        Total:     32
        Running:   0
        Suspended: 0
        Normal:    0
        Dead:      32
    --------------- Cache ---------------
        Total: 1
        Dead:  0
    ---------------  RPC  ---------------
        Holdon:   0
        Waiting:  0
==============================================
[01:38:37.599][info] [#0:script/service/service.lua:145]: 
========= Medical Examination Report =========
    --------------- Memory ---------------
        Total: 7.023 MB
        # 00 : 6.680 MB
        # 01 : 0.120 MB
        # 02 : 0.053 MB
        # 03 : 0.053 MB
        # 04 : 0.117 MB
    --------------- Coroutine ---------------
        Total:     32
        Running:   0
        Suspended: 0
        Normal:    0
        Dead:      32
    --------------- Cache ---------------
        Total: 1
        Dead:  0
    ---------------  RPC  ---------------
        Holdon:   0
        Waiting:  0
==============================================
[01:48:37.728][info] [#0:script/service/service.lua:145]: 
========= Medical Examination Report =========
    --------------- Memory ---------------
        Total: 7.027 MB
        # 00 : 6.684 MB
        # 01 : 0.120 MB
        # 02 : 0.053 MB
        # 03 : 0.053 MB
        # 04 : 0.117 MB
    --------------- Coroutine ---------------
        Total:     32
        Running:   0
        Suspended: 0
        Normal:    0
        Dead:      32
    --------------- Cache ---------------
        Total: 1
        Dead:  0
    ---------------  RPC  ---------------
        Holdon:   0
        Waiting:  0
==============================================
